c:\users\a ryan\documents\visual studio 2013\projects\air database\air db engine\debug\vc120.pdb
c:\users\a ryan\documents\visual studio 2013\projects\air database\air db engine\debug\vc120.idb
c:\users\a ryan\documents\visual studio 2013\projects\air database\air db engine\debug\air db engine.nativecodeanalysis.xml
c:\users\a ryan\documents\visual studio 2013\projects\air database\air db engine\debug\autocompletion.nativecodeanalysis.xml
c:\users\a ryan\documents\visual studio 2013\projects\air database\air db engine\debug\bst.nativecodeanalysis.xml
c:\users\a ryan\documents\visual studio 2013\projects\air database\air db engine\debug\expressions.nativecodeanalysis.xml
c:\users\a ryan\documents\visual studio 2013\projects\air database\air db engine\debug\list.nativecodeanalysis.xml
c:\users\a ryan\documents\visual studio 2013\projects\air database\air db engine\debug\queue.nativecodeanalysis.xml
c:\users\a ryan\documents\visual studio 2013\projects\air database\air db engine\debug\stack.nativecodeanalysis.xml
c:\users\a ryan\documents\visual studio 2013\projects\air database\air db engine\debug\main.nativecodeanalysis.xml
c:\users\a ryan\documents\visual studio 2013\projects\air database\air db engine\debug\main.obj
c:\users\a ryan\documents\visual studio 2013\projects\air database\air db engine\debug\stack.obj
c:\users\a ryan\documents\visual studio 2013\projects\air database\air db engine\debug\queue.obj
c:\users\a ryan\documents\visual studio 2013\projects\air database\air db engine\debug\list.obj
c:\users\a ryan\documents\visual studio 2013\projects\air database\air db engine\debug\expressions.obj
c:\users\a ryan\documents\visual studio 2013\projects\air database\air db engine\debug\bst.obj
c:\users\a ryan\documents\visual studio 2013\projects\air database\air db engine\debug\autocompletion.obj
c:\users\a ryan\documents\visual studio 2013\projects\air database\air db engine\debug\air db engine.obj
c:\users\a ryan\documents\visual studio 2013\projects\air database\debug\air db engine.ilk
c:\users\a ryan\documents\visual studio 2013\projects\air database\debug\air db engine.exe
c:\users\a ryan\documents\visual studio 2013\projects\air database\debug\air db engine.pdb
c:\users\a ryan\documents\visual studio 2013\projects\air database\air db engine\debug\nativecodeanalysis.read.1.tlog
c:\users\a ryan\documents\visual studio 2013\projects\air database\air db engine\debug\vc.nativecodeanalysis.all.xml
c:\users\a ryan\documents\visual studio 2013\projects\air database\debug\air db engine.exe.lastcodeanalysissucceeded
c:\users\a ryan\documents\visual studio 2013\projects\air database\air db engine\debug\air db engine.tlog\cl.command.1.tlog
c:\users\a ryan\documents\visual studio 2013\projects\air database\air db engine\debug\air db engine.tlog\cl.read.1.tlog
c:\users\a ryan\documents\visual studio 2013\projects\air database\air db engine\debug\air db engine.tlog\cl.write.1.tlog
c:\users\a ryan\documents\visual studio 2013\projects\air database\air db engine\debug\air db engine.tlog\link.command.1.tlog
c:\users\a ryan\documents\visual studio 2013\projects\air database\air db engine\debug\air db engine.tlog\link.read.1.tlog
c:\users\a ryan\documents\visual studio 2013\projects\air database\air db engine\debug\air db engine.tlog\link.write.1.tlog
