Build started 26-05-2015 10:22:41 AM.
     1>Project "C:\Users\A Ryan\Documents\Visual Studio 2013\Projects\AiR Database\AiR DB Engine\AiR DB Engine.vcxproj" on node 2 (Build target(s)).
     1>ClCompile:
         C:\Program Files (x86)\Microsoft Visual Studio 12.0\VC\bin\CL.exe /c /ZI /nologo /W3 /WX- /sdl /Od /Oy- /D WIN32 /D _DEBUG /D _CONSOLE /D _LIB /D _UNICODE /D UNICODE /Gm /EHsc /RTC1 /MDd /GS /fp:precise /Zc:wchar_t /Zc:forScope /Fo"Debug\\" /Fd"Debug\vc120.pdb" /Gd /TC /analyze- /errorReport:prompt "AiR DB Engine.c" main.c
         main.c
         AiR DB Engine.c
     1>c:\users\a ryan\documents\visual studio 2013\projects\air database\air db engine\air db engine.c(100): warning C4101: 't' : unreferenced local variable
     1>c:\users\a ryan\documents\visual studio 2013\projects\air database\air db engine\air db engine.c(188): warning C4101: 'vartype' : unreferenced local variable
     1>c:\users\a ryan\documents\visual studio 2013\projects\air database\air db engine\air db engine.c(395): warning C4033: 'handleScript' must return a value
     1>c:\users\a ryan\documents\visual studio 2013\projects\air database\air db engine\air db engine.c(516): warning C4018: '>' : signed/unsigned mismatch
     1>c:\users\a ryan\documents\visual studio 2013\projects\air database\air db engine\air db engine.c(475): warning C4101: 'x' : unreferenced local variable
         Generating Code...
     1>c:\users\a ryan\documents\visual studio 2013\projects\air database\air db engine\air db engine.c(406): warning C4715: 'handleScript' : not all control paths return a value
     1>c:\users\a ryan\documents\visual studio 2013\projects\air database\air db engine\air db engine.c(657): warning C4715: 'processAiRSQL' : not all control paths return a value
     1>c:\users\a ryan\documents\visual studio 2013\projects\air database\air db engine\air db engine.c(73): warning C4716: 'printMenu' : must return a value
       Link:
         C:\Program Files (x86)\Microsoft Visual Studio 12.0\VC\bin\link.exe /ERRORREPORT:PROMPT /OUT:"C:\Users\A Ryan\Documents\Visual Studio 2013\Projects\AiR Database\Debug\AiR DB Engine.exe" /INCREMENTAL /NOLOGO kernel32.lib user32.lib gdi32.lib winspool.lib comdlg32.lib advapi32.lib shell32.lib ole32.lib oleaut32.lib uuid.lib odbc32.lib odbccp32.lib /MANIFEST /MANIFESTUAC:"level='asInvoker' uiAccess='false'" /manifest:embed /DEBUG /PDB:"C:\Users\A Ryan\Documents\Visual Studio 2013\Projects\AiR Database\Debug\AiR DB Engine.pdb" /SUBSYSTEM:CONSOLE /TLBID:1 /DYNAMICBASE /NXCOMPAT /IMPLIB:"C:\Users\A Ryan\Documents\Visual Studio 2013\Projects\AiR Database\Debug\AiR DB Engine.lib" /MACHINE:X86 "Debug\AiR DB Engine.obj"
         Debug\Autocompletion.obj
         Debug\BST.obj
         Debug\List.obj
         Debug\Queue.obj
         Debug\main.obj
         AiR DB Engine.vcxproj -> C:\Users\A Ryan\Documents\Visual Studio 2013\Projects\AiR Database\Debug\AiR DB Engine.exe
     1>Done Building Project "C:\Users\A Ryan\Documents\Visual Studio 2013\Projects\AiR Database\AiR DB Engine\AiR DB Engine.vcxproj" (Build target(s)).

Build succeeded.

Time Elapsed 00:00:05.15
